# JRE version: Java(TM) SE Runtime Environment (8.0_05-b13) (build 1.8.0_05-b13)
# Java VM: Java HotSpot(TM) 64-Bit Server VM (25.5-b02 mixed mode windows-amd64 compressed oops)
Heap:
 PSYoungGen      total 31232K, used 24169K [0x00000000eab00000, 0x00000000ecd80000, 0x0000000100000000)
  eden space 27648K, 74% used [0x00000000eab00000,0x00000000ebf1bbf0,0x00000000ec600000)
  from space 3584K, 99% used [0x00000000ec600000,0x00000000ec97ea70,0x00000000ec980000)
  to   space 3072K, 0% used [0x00000000ec980000,0x00000000ec980000,0x00000000ecc80000)
 ParOldGen       total 260608K, used 14537K [0x00000000c0000000, 0x00000000cfe80000, 0x00000000eab00000)
  object space 260608K, 5% used [0x00000000c0000000,0x00000000c0e324f8,0x00000000cfe80000)
 Metaspace       used 5957K, capacity 6960K, committed 7040K, reserved 1056768K
  class space    used 593K, capacity 616K, committed 640K, reserved 1048576K
GC Heap History (10 events):
Event: 5.382 GC heap before
{Heap before GC invocations=13 (full 0):
 PSYoungGen      total 12800K, used 12080K [0x00000000eab00000, 0x00000000eb980000, 0x0000000100000000)
  eden space 10752K, 100% used [0x00000000eab00000,0x00000000eb580000,0x00000000eb580000)
  from space 2048K, 64% used [0x00000000eb780000,0x00000000eb8cc2a8,0x00000000eb980000)
  to   space 2048K, 0% used [0x00000000eb580000,0x00000000eb580000,0x00000000eb780000)
 ParOldGen       total 260608K, used 3903K [0x00000000c0000000, 0x00000000cfe80000, 0x00000000eab00000)
  object space 260608K, 1% used [0x00000000c0000000,0x00000000c03cfc68,0x00000000cfe80000)
 Metaspace       used 5817K, capacity 6832K, committed 7040K, reserved 1056768K
  class space    used 590K, capacity 616K, committed 640K, reserved 1048576K
Event: 5.386 GC heap after
Heap after GC invocations=13 (full 0):
 PSYoungGen      total 12800K, used 1792K [0x00000000eab00000, 0x00000000ec100000, 0x0000000100000000)
  eden space 10752K, 0% used [0x00000000eab00000,0x00000000eab00000,0x00000000eb580000)
  from space 2048K, 87% used [0x00000000eb580000,0x00000000eb740000,0x00000000eb780000)
  to   space 2560K, 0% used [0x00000000ebe80000,0x00000000ebe80000,0x00000000ec100000)
 ParOldGen       total 260608K, used 4951K [0x00000000c0000000, 0x00000000cfe80000, 0x00000000eab00000)
  object space 260608K, 1% used [0x00000000c0000000,0x00000000c04d5e78,0x00000000cfe80000)
 Metaspace       used 5817K, capacity 6832K, committed 7040K, reserved 1056768K
  class space    used 590K, capacity 616K, committed 640K, reserved 1048576K
}
Event: 5.468 GC heap before
{Heap before GC invocations=14 (full 0):
 PSYoungGen      total 12800K, used 12544K [0x00000000eab00000, 0x00000000ec100000, 0x0000000100000000)
  eden space 10752K, 100% used [0x00000000eab00000,0x00000000eb580000,0x00000000eb580000)
  from space 2048K, 87% used [0x00000000eb580000,0x00000000eb740000,0x00000000eb780000)
  to   space 2560K, 0% used [0x00000000ebe80000,0x00000000ebe80000,0x00000000ec100000)
 ParOldGen       total 260608K, used 4951K [0x00000000c0000000, 0x00000000cfe80000, 0x00000000eab00000)
  object space 260608K, 1% used [0x00000000c0000000,0x00000000c04d5e78,0x00000000cfe80000)
 Metaspace       used 5838K, capacity 6896K, committed 7040K, reserved 1056768K
  class space    used 592K, capacity 616K, committed 640K, reserved 1048576K
Event: 5.477 GC heap after
Heap after GC invocations=14 (full 0):
 PSYoungGen      total 19968K, used 2388K [0x00000000eab00000, 0x00000000ec100000, 0x0000000100000000)
  eden space 17408K, 0% used [0x00000000eab00000,0x00000000eab00000,0x00000000ebc00000)
  from space 2560K, 93% used [0x00000000ebe80000,0x00000000ec0d51a8,0x00000000ec100000)
  to   space 2560K, 0% used [0x00000000ebc00000,0x00000000ebc00000,0x00000000ebe80000)
 ParOldGen       total 260608K, used 6616K [0x00000000c0000000, 0x00000000cfe80000, 0x00000000eab00000)
  object space 260608K, 2% used [0x00000000c0000000,0x00000000c0676028,0x00000000cfe80000)
 Metaspace       used 5838K, capacity 6896K, committed 7040K, reserved 1056768K
  class space    used 592K, capacity 616K, committed 640K, reserved 1048576K
}
Event: 5.638 GC heap before
{Heap before GC invocations=15 (full 0):
 PSYoungGen      total 19968K, used 19796K [0x00000000eab00000, 0x00000000ec100000, 0x0000000100000000)
  eden space 17408K, 100% used [0x00000000eab00000,0x00000000ebc00000,0x00000000ebc00000)
  from space 2560K, 93% used [0x00000000ebe80000,0x00000000ec0d51a8,0x00000000ec100000)
  to   space 2560K, 0% used [0x00000000ebc00000,0x00000000ebc00000,0x00000000ebe80000)
 ParOldGen       total 260608K, used 6616K [0x00000000c0000000, 0x00000000cfe80000, 0x00000000eab00000)
  object space 260608K, 2% used [0x00000000c0000000,0x00000000c0676028,0x00000000cfe80000)
 Metaspace       used 5879K, capacity 6896K, committed 7040K, reserved 1056768K
  class space    used 592K, capacity 616K, committed 640K, reserved 1048576K
Event: 6.508 GC heap after
Heap after GC invocations=15 (full 0):
 PSYoungGen      total 19968K, used 2528K [0x00000000eab00000, 0x00000000ecc80000, 0x0000000100000000)
  eden space 17408K, 0% used [0x00000000eab00000,0x00000000eab00000,0x00000000ebc00000)
  from space 2560K, 98% used [0x00000000ebc00000,0x00000000ebe78000,0x00000000ebe80000)
  to   space 3072K, 0% used [0x00000000ec980000,0x00000000ec980000,0x00000000ecc80000)
 ParOldGen       total 260608K, used 8612K [0x00000000c0000000, 0x00000000cfe80000, 0x00000000eab00000)
  object space 260608K, 3% used [0x00000000c0000000,0x00000000c0869318,0x00000000cfe80000)
 Metaspace       used 5879K, capacity 6896K, committed 7040K, reserved 1056768K
  class space    used 592K, capacity 616K, committed 640K, reserved 1048576K
}
Event: 6.634 GC heap before
{Heap before GC invocations=16 (full 0):
 PSYoungGen      total 19968K, used 19936K [0x00000000eab00000, 0x00000000ecc80000, 0x0000000100000000)
  eden space 17408K, 100% used [0x00000000eab00000,0x00000000ebc00000,0x00000000ebc00000)
  from space 2560K, 98% used [0x00000000ebc00000,0x00000000ebe78000,0x00000000ebe80000)
  to   space 3072K, 0% used [0x00000000ec980000,0x00000000ec980000,0x00000000ecc80000)
 ParOldGen       total 260608K, used 8612K [0x00000000c0000000, 0x00000000cfe80000, 0x00000000eab00000)
  object space 260608K, 3% used [0x00000000c0000000,0x00000000c0869318,0x00000000cfe80000)
 Metaspace       used 5917K, capacity 6960K, committed 7040K, reserved 1056768K
  class space    used 592K, capacity 616K, committed 640K, reserved 1048576K
Event: 6.643 GC heap after
Heap after GC invocations=16 (full 0):
 PSYoungGen      total 30720K, used 2992K [0x00000000eab00000, 0x00000000ecd80000, 0x0000000100000000)
  eden space 27648K, 0% used [0x00000000eab00000,0x00000000eab00000,0x00000000ec600000)
  from space 3072K, 97% used [0x00000000ec980000,0x00000000ecc6c010,0x00000000ecc80000)
  to   space 3584K, 0% used [0x00000000ec600000,0x00000000ec600000,0x00000000ec980000)
 ParOldGen       total 260608K, used 10972K [0x00000000c0000000, 0x00000000cfe80000, 0x00000000eab00000)
  object space 260608K, 4% used [0x00000000c0000000,0x00000000c0ab7318,0x00000000cfe80000)
 Metaspace       used 5917K, capacity 6960K, committed 7040K, reserved 1056768K
  class space    used 592K, capacity 616K, committed 640K, reserved 1048576K
}
Event: 8.165 GC heap before
{Heap before GC invocations=17 (full 0):
 PSYoungGen      total 30720K, used 30640K [0x00000000eab00000, 0x00000000ecd80000, 0x0000000100000000)
  eden space 27648K, 100% used [0x00000000eab00000,0x00000000ec600000,0x00000000ec600000)
  from space 3072K, 97% used [0x00000000ec980000,0x00000000ecc6c010,0x00000000ecc80000)
  to   space 3584K, 0% used [0x00000000ec600000,0x00000000ec600000,0x00000000ec980000)
 ParOldGen       total 260608K, used 10972K [0x00000000c0000000, 0x00000000cfe80000, 0x00000000eab00000)
  object space 260608K, 4% used [0x00000000c0000000,0x00000000c0ab7318,0x00000000cfe80000)
 Metaspace       used 5957K, capacity 6960K, committed 7040K, reserved 1056768K
  class space    used 593K, capacity 616K, committed 640K, reserved 1048576K
Event: 10.172 GC heap after
Heap after GC invocations=17 (full 0):
 PSYoungGen      total 31232K, used 3578K [0x00000000eab00000, 0x00000000ecd80000, 0x0000000100000000)
  eden space 27648K, 0% used [0x00000000eab00000,0x00000000eab00000,0x00000000ec600000)
  from space 3584K, 99% used [0x00000000ec600000,0x00000000ec97ea70,0x00000000ec980000)
  to   space 3072K, 0% used [0x00000000ec980000,0x00000000ec980000,0x00000000ecc80000)
 ParOldGen       total 260608K, used 14537K [0x00000000c0000000, 0x00000000cfe80000, 0x00000000eab00000)
  object space 260608K, 5% used [0x00000000c0000000,0x00000000c0e324f8,0x00000000cfe80000)
 Metaspace       used 5957K, capacity 6960K, committed 7040K, reserved 1056768K
  class space    used 593K, capacity 616K, committed 640K, reserved 1048576K
}

